EDA Netlist Writer report for segment7
Mon Jan 03 23:56:08 2022
Quartus Prime Version 20.1.1 Build 720 11/11/2020 SJ Lite Edition


---------------------
; Table of Contents ;
---------------------
  1. Legal Notice
  2. EDA Netlist Writer Summary
  3. Simulation Settings
  4. Simulation Generated Files
  5. EDA Netlist Writer Messages



----------------
; Legal Notice ;
----------------
Copyright (C) 2020  Intel Corporation. All rights reserved.
Your use of Intel Corporation's design tools, logic functions 
and other software and tools, and any partner logic 
functions, and any output files from any of the foregoing 
(including device programming or simulation files), and any 
associated documentation or information are expressly subject 
to the terms and conditions of the Intel Program License 
Subscription Agreement, the Intel Quartus Prime License Agreement,
the Intel FPGA IP License Agreement, or other applicable license
agreement, including, without limitation, that your use is for
the sole purpose of programming logic devices manufactured by
Intel and sold by Intel or its authorized distributors.  Please
refer to the applicable agreement for further details, at
https://fpgasoftware.intel.com/eula.



+-------------------------------------------------------------------+
; EDA Netlist Writer Summary                                        ;
+---------------------------+---------------------------------------+
; EDA Netlist Writer Status ; Successful - Mon Jan 03 23:56:08 2022 ;
; Revision Name             ; segment7                              ;
; Top-level Entity Name     ; segment7                              ;
; Family                    ; Cyclone IV E                          ;
; Simulation Files Creation ; Successful                            ;
+---------------------------+---------------------------------------+


+-------------------------------------------------------------------------------------------------------------------------------------+
; Simulation Settings                                                                                                                 ;
+---------------------------------------------------------------------------------------------------+---------------------------------+
; Option                                                                                            ; Setting                         ;
+---------------------------------------------------------------------------------------------------+---------------------------------+
; Tool Name                                                                                         ; ModelSim-Altera (SystemVerilog) ;
; Generate functional simulation netlist                                                            ; Off                             ;
; Time scale                                                                                        ; 1 ps                            ;
; Truncate long hierarchy paths                                                                     ; Off                             ;
; Map illegal HDL characters                                                                        ; Off                             ;
; Flatten buses into individual nodes                                                               ; Off                             ;
; Maintain hierarchy                                                                                ; Off                             ;
; Bring out device-wide set/reset signals as ports                                                  ; Off                             ;
; Enable glitch filtering                                                                           ; Off                             ;
; Do not write top level VHDL entity                                                                ; Off                             ;
; Disable detection of setup and hold time violations in the input registers of bi-directional pins ; Off                             ;
; Architecture name in VHDL output netlist                                                          ; structure                       ;
; Generate third-party EDA tool command script for RTL functional simulation                        ; Off                             ;
; Generate third-party EDA tool command script for gate-level simulation                            ; Off                             ;
+---------------------------------------------------------------------------------------------------+---------------------------------+


+-----------------------------------------------------------------------------------------+
; Simulation Generated Files                                                              ;
+-----------------------------------------------------------------------------------------+
; Generated Files                                                                         ;
+-----------------------------------------------------------------------------------------+
; C:/Users/ahmed/Desktop/newcounter/simulation/modelsim/segment7_6_1200mv_85c_slow.svo    ;
; C:/Users/ahmed/Desktop/newcounter/simulation/modelsim/segment7_6_1200mv_0c_slow.svo     ;
; C:/Users/ahmed/Desktop/newcounter/simulation/modelsim/segment7_min_1200mv_0c_fast.svo   ;
; C:/Users/ahmed/Desktop/newcounter/simulation/modelsim/segment7.svo                      ;
; C:/Users/ahmed/Desktop/newcounter/simulation/modelsim/segment7_6_1200mv_85c_v_slow.sdo  ;
; C:/Users/ahmed/Desktop/newcounter/simulation/modelsim/segment7_6_1200mv_0c_v_slow.sdo   ;
; C:/Users/ahmed/Desktop/newcounter/simulation/modelsim/segment7_min_1200mv_0c_v_fast.sdo ;
; C:/Users/ahmed/Desktop/newcounter/simulation/modelsim/segment7_v.sdo                    ;
+-----------------------------------------------------------------------------------------+


+-----------------------------+
; EDA Netlist Writer Messages ;
+-----------------------------+
Info: *******************************************************************
Info: Running Quartus Prime EDA Netlist Writer
    Info: Version 20.1.1 Build 720 11/11/2020 SJ Lite Edition
    Info: Processing started: Mon Jan 03 23:56:07 2022
Info: Command: quartus_eda --read_settings_files=off --write_settings_files=off segment7 -c segment7
Warning (18236): Number of processors has not been specified which may cause overloading on shared machines.  Set the global assignment NUM_PARALLEL_PROCESSORS in your QSF to an appropriate value for best performance.
Info (204019): Generated file segment7_6_1200mv_85c_slow.svo in folder "C:/Users/ahmed/Desktop/newcounter/simulation/modelsim/" for EDA simulation tool
Info (204019): Generated file segment7_6_1200mv_0c_slow.svo in folder "C:/Users/ahmed/Desktop/newcounter/simulation/modelsim/" for EDA simulation tool
Info (204019): Generated file segment7_min_1200mv_0c_fast.svo in folder "C:/Users/ahmed/Desktop/newcounter/simulation/modelsim/" for EDA simulation tool
Info (204019): Generated file segment7.svo in folder "C:/Users/ahmed/Desktop/newcounter/simulation/modelsim/" for EDA simulation tool
Info (204019): Generated file segment7_6_1200mv_85c_v_slow.sdo in folder "C:/Users/ahmed/Desktop/newcounter/simulation/modelsim/" for EDA simulation tool
Info (204019): Generated file segment7_6_1200mv_0c_v_slow.sdo in folder "C:/Users/ahmed/Desktop/newcounter/simulation/modelsim/" for EDA simulation tool
Info (204019): Generated file segment7_min_1200mv_0c_v_fast.sdo in folder "C:/Users/ahmed/Desktop/newcounter/simulation/modelsim/" for EDA simulation tool
Info (204019): Generated file segment7_v.sdo in folder "C:/Users/ahmed/Desktop/newcounter/simulation/modelsim/" for EDA simulation tool
Info: Quartus Prime EDA Netlist Writer was successful. 0 errors, 1 warning
    Info: Peak virtual memory: 4640 megabytes
    Info: Processing ended: Mon Jan 03 23:56:08 2022
    Info: Elapsed time: 00:00:01
    Info: Total CPU time (on all processors): 00:00:01


